0 info it worked if it ends with ok
1 verbose cli [ '/home/arushi/.nvm/versions/node/v6.11.0/bin/node',
1 verbose cli   '/home/arushi/.nvm/versions/node/v6.11.0/bin/npm',
1 verbose cli   'test' ]
2 info using npm@3.10.10
3 info using node@v6.11.0
4 verbose config Skipping project config: /home/arushi/.npmrc. (matches userconfig)
5 verbose stack Error: ENOENT: no such file or directory, open '/home/arushi/package.json'
5 verbose stack     at Error (native)
6 verbose cwd /home/arushi/Desktop/nightmareProjects/nightmare2
7 error Linux 4.4.0-83-generic
8 error argv "/home/arushi/.nvm/versions/node/v6.11.0/bin/node" "/home/arushi/.nvm/versions/node/v6.11.0/bin/npm" "test"
9 error node v6.11.0
10 error npm  v3.10.10
11 error path /home/arushi/package.json
12 error code ENOENT
13 error errno -2
14 error syscall open
15 error enoent ENOENT: no such file or directory, open '/home/arushi/package.json'
16 error enoent ENOENT: no such file or directory, open '/home/arushi/package.json'
16 error enoent This is most likely not a problem with npm itself
16 error enoent and is related to npm not being able to find a file.
17 verbose exit [ -2, true ]
